Streaming transaction logs mentioning 6G9X8RArxw6f6n41wRKZMsgzRtHuUgPSkYipyjQu8NXD. Confirmed commitment
Transaction executed in slot 8:
  Signature: 57t3F5EgojpUBMLZ78ufdaEVRATJtQBZQpJ5RLVQWpT13aJ564p6fLBANuuWnx9AXixdJWWBpCxrmFmNd3fhxPGx
  Status: Ok
  Log Messages:
    Program 6G9X8RArxw6f6n41wRKZMsgzRtHuUgPSkYipyjQu8NXD invoke [1]
    Program log: Instruction: Deposit
    Program 11111111111111111111111111111111 invoke [2]
    Program 11111111111111111111111111111111 success
    Program 11111111111111111111111111111111 invoke [2]
    Program 11111111111111111111111111111111 success
    Program TokenkegQfeZyiNwAJbNbGKPFXCWuBvf9Ss623VQ5DA invoke [2]
    Program log: Instruction: InitializeAccount3
    Program TokenkegQfeZyiNwAJbNbGKPFXCWuBvf9Ss623VQ5DA consumed 4214 of 180168 compute units
    Program TokenkegQfeZyiNwAJbNbGKPFXCWuBvf9Ss623VQ5DA success
    Program TokenkegQfeZyiNwAJbNbGKPFXCWuBvf9Ss623VQ5DA invoke [2]
    Program log: Instruction: Transfer
    Program TokenkegQfeZyiNwAJbNbGKPFXCWuBvf9Ss623VQ5DA consumed 4645 of 172543 compute units
    Program TokenkegQfeZyiNwAJbNbGKPFXCWuBvf9Ss623VQ5DA success
    Program 6G9X8RArxw6f6n41wRKZMsgzRtHuUgPSkYipyjQu8NXD consumed 32997 of 200000 compute units
    Program 6G9X8RArxw6f6n41wRKZMsgzRtHuUgPSkYipyjQu8NXD success
Transaction executed in slot 19:
  Signature: 34TRNeCGaBxkPAi7CXh7DafyY6BqauPScExVLWSZFy5TjcUuP2cwogofgSQGtbm8CMfwASbhreAtP1hHpZggf9xj
  Status: Ok
  Log Messages:
    Program 6G9X8RArxw6f6n41wRKZMsgzRtHuUgPSkYipyjQu8NXD invoke [1]
    Program log: Instruction: Deposit
    Program 11111111111111111111111111111111 invoke [2]
    Program 11111111111111111111111111111111 success
    Program 11111111111111111111111111111111 invoke [2]
    Program 11111111111111111111111111111111 success
    Program TokenkegQfeZyiNwAJbNbGKPFXCWuBvf9Ss623VQ5DA invoke [2]
    Program log: Instruction: InitializeAccount3
    Program TokenkegQfeZyiNwAJbNbGKPFXCWuBvf9Ss623VQ5DA consumed 4214 of 180168 compute units
    Program TokenkegQfeZyiNwAJbNbGKPFXCWuBvf9Ss623VQ5DA success
    Program TokenkegQfeZyiNwAJbNbGKPFXCWuBvf9Ss623VQ5DA invoke [2]
    Program log: Instruction: Transfer
    Program TokenkegQfeZyiNwAJbNbGKPFXCWuBvf9Ss623VQ5DA consumed 4645 of 172543 compute units
    Program TokenkegQfeZyiNwAJbNbGKPFXCWuBvf9Ss623VQ5DA success
    Program 6G9X8RArxw6f6n41wRKZMsgzRtHuUgPSkYipyjQu8NXD consumed 32997 of 200000 compute units
    Program 6G9X8RArxw6f6n41wRKZMsgzRtHuUgPSkYipyjQu8NXD success
Transaction executed in slot 25:
  Signature: 52qBbScGmuuovz4tZuWXDFfDNtGwhhThLgKtv6rZSetQhvh1LRUkX2BneMDguZM2yv5LfyessVMrGo4CUEmv4Z3J
  Status: Ok
  Log Messages:
    Program 6G9X8RArxw6f6n41wRKZMsgzRtHuUgPSkYipyjQu8NXD invoke [1]
    Program log: Instruction: Deposit
    Program 11111111111111111111111111111111 invoke [2]
    Program 11111111111111111111111111111111 success
    Program 11111111111111111111111111111111 invoke [2]
    Program 11111111111111111111111111111111 success
    Program TokenkegQfeZyiNwAJbNbGKPFXCWuBvf9Ss623VQ5DA invoke [2]
    Program log: Instruction: InitializeAccount3
    Program TokenkegQfeZyiNwAJbNbGKPFXCWuBvf9Ss623VQ5DA consumed 4214 of 183168 compute units
    Program TokenkegQfeZyiNwAJbNbGKPFXCWuBvf9Ss623VQ5DA success
    Program TokenkegQfeZyiNwAJbNbGKPFXCWuBvf9Ss623VQ5DA invoke [2]
    Program log: Instruction: Transfer
    Program TokenkegQfeZyiNwAJbNbGKPFXCWuBvf9Ss623VQ5DA consumed 4645 of 175543 compute units
    Program TokenkegQfeZyiNwAJbNbGKPFXCWuBvf9Ss623VQ5DA success
    Program 6G9X8RArxw6f6n41wRKZMsgzRtHuUgPSkYipyjQu8NXD consumed 29997 of 200000 compute units
    Program 6G9X8RArxw6f6n41wRKZMsgzRtHuUgPSkYipyjQu8NXD success
Transaction executed in slot 26:
  Signature: 3yMCLcjpN6Pf2jokX1VaA2vkEThJVAFsSexSEK7KfnUuZuqKb3vt3hTJ3nm2uqDNxAwcGM3VoMz5UpU7E6KbmUQ8
  Status: Ok
  Log Messages:
    Program 6G9X8RArxw6f6n41wRKZMsgzRtHuUgPSkYipyjQu8NXD invoke [1]
    Program log: Instruction: Claim
    Program TokenkegQfeZyiNwAJbNbGKPFXCWuBvf9Ss623VQ5DA invoke [2]
    Program log: Instruction: Transfer
    Program TokenkegQfeZyiNwAJbNbGKPFXCWuBvf9Ss623VQ5DA consumed 4645 of 191378 compute units
    Program TokenkegQfeZyiNwAJbNbGKPFXCWuBvf9Ss623VQ5DA success
    Program TokenkegQfeZyiNwAJbNbGKPFXCWuBvf9Ss623VQ5DA invoke [2]
    Program log: Instruction: CloseAccount
    Program TokenkegQfeZyiNwAJbNbGKPFXCWuBvf9Ss623VQ5DA consumed 3015 of 184355 compute units
    Program TokenkegQfeZyiNwAJbNbGKPFXCWuBvf9Ss623VQ5DA success
    Program 6G9X8RArxw6f6n41wRKZMsgzRtHuUgPSkYipyjQu8NXD consumed 19169 of 200000 compute units
    Program 6G9X8RArxw6f6n41wRKZMsgzRtHuUgPSkYipyjQu8NXD success
Transaction executed in slot 32:
  Signature: 4XUhbU3ZNkfnD9mYCgbBxyzxoonnpRfeFj8ehCAyVJ63BMDKuJ3EmDf74rLrrJWncFXwfkqNBuugCUNqZ9PP8z8t
  Status: Ok
  Log Messages:
    Program 6G9X8RArxw6f6n41wRKZMsgzRtHuUgPSkYipyjQu8NXD invoke [1]
    Program log: Instruction: Deposit
    Program 11111111111111111111111111111111 invoke [2]
    Program 11111111111111111111111111111111 success
    Program 11111111111111111111111111111111 invoke [2]
    Program 11111111111111111111111111111111 success
    Program TokenkegQfeZyiNwAJbNbGKPFXCWuBvf9Ss623VQ5DA invoke [2]
    Program log: Instruction: InitializeAccount3
    Program TokenkegQfeZyiNwAJbNbGKPFXCWuBvf9Ss623VQ5DA consumed 4214 of 183168 compute units
    Program TokenkegQfeZyiNwAJbNbGKPFXCWuBvf9Ss623VQ5DA success
    Program TokenkegQfeZyiNwAJbNbGKPFXCWuBvf9Ss623VQ5DA invoke [2]
    Program log: Instruction: Transfer
    Program TokenkegQfeZyiNwAJbNbGKPFXCWuBvf9Ss623VQ5DA consumed 4645 of 175543 compute units
    Program TokenkegQfeZyiNwAJbNbGKPFXCWuBvf9Ss623VQ5DA success
    Program 6G9X8RArxw6f6n41wRKZMsgzRtHuUgPSkYipyjQu8NXD consumed 29997 of 200000 compute units
    Program 6G9X8RArxw6f6n41wRKZMsgzRtHuUgPSkYipyjQu8NXD success
Transaction executed in slot 38:
  Signature: 3v8tCWqeqAdFV65o1LnZFY2Ho32K52VD3rvHxonp1Sixz3bE6sHeLQ8UHbQz3HY9UHprgjGGHmqmhFJRho2LDrqH
  Status: Ok
  Log Messages:
    Program 6G9X8RArxw6f6n41wRKZMsgzRtHuUgPSkYipyjQu8NXD invoke [1]
    Program log: Instruction: Deposit
    Program 11111111111111111111111111111111 invoke [2]
    Program 11111111111111111111111111111111 success
    Program 11111111111111111111111111111111 invoke [2]
    Program 11111111111111111111111111111111 success
    Program TokenkegQfeZyiNwAJbNbGKPFXCWuBvf9Ss623VQ5DA invoke [2]
    Program log: Instruction: InitializeAccount3
    Program TokenkegQfeZyiNwAJbNbGKPFXCWuBvf9Ss623VQ5DA consumed 4214 of 178668 compute units
    Program TokenkegQfeZyiNwAJbNbGKPFXCWuBvf9Ss623VQ5DA success
    Program TokenkegQfeZyiNwAJbNbGKPFXCWuBvf9Ss623VQ5DA invoke [2]
    Program log: Instruction: Transfer
    Program TokenkegQfeZyiNwAJbNbGKPFXCWuBvf9Ss623VQ5DA consumed 4645 of 171043 compute units
    Program TokenkegQfeZyiNwAJbNbGKPFXCWuBvf9Ss623VQ5DA success
    Program 6G9X8RArxw6f6n41wRKZMsgzRtHuUgPSkYipyjQu8NXD consumed 34497 of 200000 compute units
    Program 6G9X8RArxw6f6n41wRKZMsgzRtHuUgPSkYipyjQu8NXD success
Transaction executed in slot 39:
  Signature: 3nHTMw54meEqhYu5YpdamhvPBtV6ycamduXuELD85dy4LjGaqLm3V1ZyPiZywynXLM6z6Hn7rvc3R34GUD7bUoXf
  Status: Ok
  Log Messages:
    Program 6G9X8RArxw6f6n41wRKZMsgzRtHuUgPSkYipyjQu8NXD invoke [1]
    Program log: Instruction: Claim
    Program TokenkegQfeZyiNwAJbNbGKPFXCWuBvf9Ss623VQ5DA invoke [2]
    Program log: Instruction: Transfer
    Program TokenkegQfeZyiNwAJbNbGKPFXCWuBvf9Ss623VQ5DA consumed 4645 of 188378 compute units
    Program TokenkegQfeZyiNwAJbNbGKPFXCWuBvf9Ss623VQ5DA success
    Program TokenkegQfeZyiNwAJbNbGKPFXCWuBvf9Ss623VQ5DA invoke [2]
    Program log: Instruction: CloseAccount
    Program TokenkegQfeZyiNwAJbNbGKPFXCWuBvf9Ss623VQ5DA consumed 3015 of 181355 compute units
    Program TokenkegQfeZyiNwAJbNbGKPFXCWuBvf9Ss623VQ5DA success
    Program 6G9X8RArxw6f6n41wRKZMsgzRtHuUgPSkYipyjQu8NXD consumed 22169 of 200000 compute units
    Program 6G9X8RArxw6f6n41wRKZMsgzRtHuUgPSkYipyjQu8NXD success
Transaction executed in slot 43:
  Signature: 3vgzwTJWggbos5PmmXZ1YdCPi94YYZv3n9USXRxRJGhicYWBGz8xftLU9xpNyWw9NvTsvmmB5WHEUya3XYjf5Vzj
  Status: Ok
  Log Messages:
    Program 6G9X8RArxw6f6n41wRKZMsgzRtHuUgPSkYipyjQu8NXD invoke [1]
    Program log: Instruction: Deposit
    Program 11111111111111111111111111111111 invoke [2]
    Program 11111111111111111111111111111111 success
    Program 11111111111111111111111111111111 invoke [2]
    Program 11111111111111111111111111111111 success
    Program TokenkegQfeZyiNwAJbNbGKPFXCWuBvf9Ss623VQ5DA invoke [2]
    Program log: Instruction: InitializeAccount3
    Program TokenkegQfeZyiNwAJbNbGKPFXCWuBvf9Ss623VQ5DA consumed 4214 of 181668 compute units
    Program TokenkegQfeZyiNwAJbNbGKPFXCWuBvf9Ss623VQ5DA success
    Program TokenkegQfeZyiNwAJbNbGKPFXCWuBvf9Ss623VQ5DA invoke [2]
    Program log: Instruction: Transfer
    Program TokenkegQfeZyiNwAJbNbGKPFXCWuBvf9Ss623VQ5DA consumed 4645 of 174043 compute units
    Program TokenkegQfeZyiNwAJbNbGKPFXCWuBvf9Ss623VQ5DA success
    Program 6G9X8RArxw6f6n41wRKZMsgzRtHuUgPSkYipyjQu8NXD consumed 31497 of 200000 compute units
    Program 6G9X8RArxw6f6n41wRKZMsgzRtHuUgPSkYipyjQu8NXD success
Transaction executed in slot 44:
  Signature: yarTEMWycYH9LCgSu5ZbkHfmqp2CL9qGFfLZQS57PexcgqrJKxGfEmvsf4SRd2BjgQjvDEUDpaGXe7SGaznBou6
  Status: Ok
  Log Messages:
    Program 6G9X8RArxw6f6n41wRKZMsgzRtHuUgPSkYipyjQu8NXD invoke [1]
    Program log: Instruction: Cancel
    Program TokenkegQfeZyiNwAJbNbGKPFXCWuBvf9Ss623VQ5DA invoke [2]
    Program log: Instruction: Transfer
    Program TokenkegQfeZyiNwAJbNbGKPFXCWuBvf9Ss623VQ5DA consumed 4645 of 190170 compute units
    Program TokenkegQfeZyiNwAJbNbGKPFXCWuBvf9Ss623VQ5DA success
    Program TokenkegQfeZyiNwAJbNbGKPFXCWuBvf9Ss623VQ5DA invoke [2]
    Program log: Instruction: CloseAccount
    Program TokenkegQfeZyiNwAJbNbGKPFXCWuBvf9Ss623VQ5DA consumed 3015 of 183147 compute units
    Program TokenkegQfeZyiNwAJbNbGKPFXCWuBvf9Ss623VQ5DA success
    Program 6G9X8RArxw6f6n41wRKZMsgzRtHuUgPSkYipyjQu8NXD consumed 20357 of 200000 compute units
    Program 6G9X8RArxw6f6n41wRKZMsgzRtHuUgPSkYipyjQu8NXD success
Transaction executed in slot 49:
  Signature: 4sjCuvzq6WBJCrqxcq7zmpJFt1psHUn4LKvNt1MUw2Dgv1GYvuv2M2TTfUzQuiVDG9Pu6HtK5xxCYEjRToJQs8Cp
  Status: Ok
  Log Messages:
    Program 6G9X8RArxw6f6n41wRKZMsgzRtHuUgPSkYipyjQu8NXD invoke [1]
    Program log: Instruction: Deposit
    Program 11111111111111111111111111111111 invoke [2]
    Program 11111111111111111111111111111111 success
    Program 11111111111111111111111111111111 invoke [2]
    Program 11111111111111111111111111111111 success
    Program TokenkegQfeZyiNwAJbNbGKPFXCWuBvf9Ss623VQ5DA invoke [2]
    Program log: Instruction: InitializeAccount3
    Program TokenkegQfeZyiNwAJbNbGKPFXCWuBvf9Ss623VQ5DA consumed 4214 of 184668 compute units
    Program TokenkegQfeZyiNwAJbNbGKPFXCWuBvf9Ss623VQ5DA success
    Program TokenkegQfeZyiNwAJbNbGKPFXCWuBvf9Ss623VQ5DA invoke [2]
    Program log: Instruction: Transfer
    Program TokenkegQfeZyiNwAJbNbGKPFXCWuBvf9Ss623VQ5DA consumed 4645 of 177043 compute units
    Program TokenkegQfeZyiNwAJbNbGKPFXCWuBvf9Ss623VQ5DA success
    Program 6G9X8RArxw6f6n41wRKZMsgzRtHuUgPSkYipyjQu8NXD consumed 28497 of 200000 compute units
    Program 6G9X8RArxw6f6n41wRKZMsgzRtHuUgPSkYipyjQu8NXD success
Transaction executed in slot 55:
  Signature: 2ngqCZ4NsU8ZNzaXd3AtRbZaKzNqrEHzwGJkxTEkatEn82FaR1bDnZcvAgTTebffrnCZhCM4bZhajjCz1FBWweyg
  Status: Ok
  Log Messages:
    Program 6G9X8RArxw6f6n41wRKZMsgzRtHuUgPSkYipyjQu8NXD invoke [1]
    Program log: Instruction: Deposit
    Program 11111111111111111111111111111111 invoke [2]
    Program 11111111111111111111111111111111 success
    Program 11111111111111111111111111111111 invoke [2]
    Program 11111111111111111111111111111111 success
    Program TokenkegQfeZyiNwAJbNbGKPFXCWuBvf9Ss623VQ5DA invoke [2]
    Program log: Instruction: InitializeAccount3
    Program TokenkegQfeZyiNwAJbNbGKPFXCWuBvf9Ss623VQ5DA consumed 4214 of 181668 compute units
    Program TokenkegQfeZyiNwAJbNbGKPFXCWuBvf9Ss623VQ5DA success
    Program TokenkegQfeZyiNwAJbNbGKPFXCWuBvf9Ss623VQ5DA invoke [2]
    Program log: Instruction: Transfer
    Program TokenkegQfeZyiNwAJbNbGKPFXCWuBvf9Ss623VQ5DA consumed 4645 of 174043 compute units
    Program TokenkegQfeZyiNwAJbNbGKPFXCWuBvf9Ss623VQ5DA success
    Program 6G9X8RArxw6f6n41wRKZMsgzRtHuUgPSkYipyjQu8NXD consumed 31497 of 200000 compute units
    Program 6G9X8RArxw6f6n41wRKZMsgzRtHuUgPSkYipyjQu8NXD success
Transaction executed in slot 56:
  Signature: s6m3KnV5fF6hbPmVN2pCNkVGv8Pwvjdsg1QyDHak86rbc91pE8z99pB9gy2wqsd4PYbZo8vBYxvfTpoZqEziMPY
  Status: Ok
  Log Messages:
    Program 6G9X8RArxw6f6n41wRKZMsgzRtHuUgPSkYipyjQu8NXD invoke [1]
    Program log: Instruction: Claim
    Program TokenkegQfeZyiNwAJbNbGKPFXCWuBvf9Ss623VQ5DA invoke [2]
    Program log: Instruction: Transfer
    Program TokenkegQfeZyiNwAJbNbGKPFXCWuBvf9Ss623VQ5DA consumed 4645 of 188378 compute units
    Program TokenkegQfeZyiNwAJbNbGKPFXCWuBvf9Ss623VQ5DA success
    Program TokenkegQfeZyiNwAJbNbGKPFXCWuBvf9Ss623VQ5DA invoke [2]
    Program log: Instruction: CloseAccount
    Program TokenkegQfeZyiNwAJbNbGKPFXCWuBvf9Ss623VQ5DA consumed 3015 of 181355 compute units
    Program TokenkegQfeZyiNwAJbNbGKPFXCWuBvf9Ss623VQ5DA success
    Program 6G9X8RArxw6f6n41wRKZMsgzRtHuUgPSkYipyjQu8NXD consumed 22169 of 200000 compute units
    Program 6G9X8RArxw6f6n41wRKZMsgzRtHuUgPSkYipyjQu8NXD success
Transaction executed in slot 60:
  Signature: 51kQdXLhka7h9PxUCE53LY7ubo8zgKqSZDjmuVjXmWH29PFxKvsXSrVhhFq9QJ6AdWy5YrVJKX7jXm5L9nJWhLVQ
  Status: Ok
  Log Messages:
    Program 6G9X8RArxw6f6n41wRKZMsgzRtHuUgPSkYipyjQu8NXD invoke [1]
    Program log: Instruction: Deposit
    Program 11111111111111111111111111111111 invoke [2]
    Program 11111111111111111111111111111111 success
    Program 11111111111111111111111111111111 invoke [2]
    Program 11111111111111111111111111111111 success
    Program TokenkegQfeZyiNwAJbNbGKPFXCWuBvf9Ss623VQ5DA invoke [2]
    Program log: Instruction: InitializeAccount3
    Program TokenkegQfeZyiNwAJbNbGKPFXCWuBvf9Ss623VQ5DA consumed 4214 of 183168 compute units
    Program TokenkegQfeZyiNwAJbNbGKPFXCWuBvf9Ss623VQ5DA success
    Program TokenkegQfeZyiNwAJbNbGKPFXCWuBvf9Ss623VQ5DA invoke [2]
    Program log: Instruction: Transfer
    Program TokenkegQfeZyiNwAJbNbGKPFXCWuBvf9Ss623VQ5DA consumed 4645 of 175543 compute units
    Program TokenkegQfeZyiNwAJbNbGKPFXCWuBvf9Ss623VQ5DA success
    Program 6G9X8RArxw6f6n41wRKZMsgzRtHuUgPSkYipyjQu8NXD consumed 29997 of 200000 compute units
    Program 6G9X8RArxw6f6n41wRKZMsgzRtHuUgPSkYipyjQu8NXD success
Transaction executed in slot 68:
  Signature: Uu9hW3RdBBQrUTM1Q2AURAPBJwYCMZDamrnE7uV3bawGhq9YkwpAzSNqaBKiTayVZ49wPtGTLiGMUqTXDkqRFo9
  Status: Ok
  Log Messages:
    Program 6G9X8RArxw6f6n41wRKZMsgzRtHuUgPSkYipyjQu8NXD invoke [1]
    Program log: Instruction: Refund
    Program TokenkegQfeZyiNwAJbNbGKPFXCWuBvf9Ss623VQ5DA invoke [2]
    Program log: Instruction: Transfer
    Program TokenkegQfeZyiNwAJbNbGKPFXCWuBvf9Ss623VQ5DA consumed 4645 of 189708 compute units
    Program TokenkegQfeZyiNwAJbNbGKPFXCWuBvf9Ss623VQ5DA success
    Program TokenkegQfeZyiNwAJbNbGKPFXCWuBvf9Ss623VQ5DA invoke [2]
    Program log: Instruction: CloseAccount
    Program TokenkegQfeZyiNwAJbNbGKPFXCWuBvf9Ss623VQ5DA consumed 3015 of 182685 compute units
    Program TokenkegQfeZyiNwAJbNbGKPFXCWuBvf9Ss623VQ5DA success
    Program 6G9X8RArxw6f6n41wRKZMsgzRtHuUgPSkYipyjQu8NXD consumed 20839 of 200000 compute units
    Program 6G9X8RArxw6f6n41wRKZMsgzRtHuUgPSkYipyjQu8NXD success
Transaction executed in slot 72:
  Signature: 4nV597SXTomnzwsbaffTU66W9oD7Bvq1PXhZQYa9cQH5Sny3D2LHS7ib1DUDXqTeL1QfcjbMv2KBxf86PttXzjti
  Status: Ok
  Log Messages:
    Program 6G9X8RArxw6f6n41wRKZMsgzRtHuUgPSkYipyjQu8NXD invoke [1]
    Program log: Instruction: Deposit
    Program 11111111111111111111111111111111 invoke [2]
    Program 11111111111111111111111111111111 success
    Program 11111111111111111111111111111111 invoke [2]
    Program 11111111111111111111111111111111 success
    Program TokenkegQfeZyiNwAJbNbGKPFXCWuBvf9Ss623VQ5DA invoke [2]
    Program log: Instruction: InitializeAccount3
    Program TokenkegQfeZyiNwAJbNbGKPFXCWuBvf9Ss623VQ5DA consumed 4214 of 178668 compute units
    Program TokenkegQfeZyiNwAJbNbGKPFXCWuBvf9Ss623VQ5DA success
    Program TokenkegQfeZyiNwAJbNbGKPFXCWuBvf9Ss623VQ5DA invoke [2]
    Program log: Instruction: Transfer
    Program TokenkegQfeZyiNwAJbNbGKPFXCWuBvf9Ss623VQ5DA consumed 4645 of 171043 compute units
    Program TokenkegQfeZyiNwAJbNbGKPFXCWuBvf9Ss623VQ5DA success
    Program 6G9X8RArxw6f6n41wRKZMsgzRtHuUgPSkYipyjQu8NXD consumed 34497 of 200000 compute units
    Program 6G9X8RArxw6f6n41wRKZMsgzRtHuUgPSkYipyjQu8NXD success
Transaction executed in slot 78:
  Signature: 5v4MBQVkH2ZcfW2foK52ubAwrQbZLk7p5osyBMPi87zP291XbFj8BVbj9zmmvtkLQnBay5nB9hRUPvexbCBwEdxY
  Status: Ok
  Log Messages:
    Program 6G9X8RArxw6f6n41wRKZMsgzRtHuUgPSkYipyjQu8NXD invoke [1]
    Program log: Instruction: Deposit
    Program 11111111111111111111111111111111 invoke [2]
    Program 11111111111111111111111111111111 success
    Program 11111111111111111111111111111111 invoke [2]
    Program 11111111111111111111111111111111 success
    Program TokenkegQfeZyiNwAJbNbGKPFXCWuBvf9Ss623VQ5DA invoke [2]
    Program log: Instruction: InitializeAccount3
    Program TokenkegQfeZyiNwAJbNbGKPFXCWuBvf9Ss623VQ5DA consumed 4214 of 184668 compute units
    Program TokenkegQfeZyiNwAJbNbGKPFXCWuBvf9Ss623VQ5DA success
    Program TokenkegQfeZyiNwAJbNbGKPFXCWuBvf9Ss623VQ5DA invoke [2]
    Program log: Instruction: Transfer
    Program TokenkegQfeZyiNwAJbNbGKPFXCWuBvf9Ss623VQ5DA consumed 4645 of 177043 compute units
    Program TokenkegQfeZyiNwAJbNbGKPFXCWuBvf9Ss623VQ5DA success
    Program 6G9X8RArxw6f6n41wRKZMsgzRtHuUgPSkYipyjQu8NXD consumed 28497 of 200000 compute units
    Program 6G9X8RArxw6f6n41wRKZMsgzRtHuUgPSkYipyjQu8NXD success
Transaction executed in slot 79:
  Signature: 2UfhN1keQdzgiaG277L8WsyUD5KJ8RqrZcoMtskT5NrMFK6TbYEXfnNa1cHE3XmiStBhgaeNoKso4fz6c39wK7gd
  Status: Ok
  Log Messages:
    Program 6G9X8RArxw6f6n41wRKZMsgzRtHuUgPSkYipyjQu8NXD invoke [1]
    Program log: Instruction: Claim
    Program TokenkegQfeZyiNwAJbNbGKPFXCWuBvf9Ss623VQ5DA invoke [2]
    Program log: Instruction: Transfer
    Program TokenkegQfeZyiNwAJbNbGKPFXCWuBvf9Ss623VQ5DA consumed 4645 of 191378 compute units
    Program TokenkegQfeZyiNwAJbNbGKPFXCWuBvf9Ss623VQ5DA success
    Program TokenkegQfeZyiNwAJbNbGKPFXCWuBvf9Ss623VQ5DA invoke [2]
    Program log: Instruction: CloseAccount
    Program TokenkegQfeZyiNwAJbNbGKPFXCWuBvf9Ss623VQ5DA consumed 3015 of 184355 compute units
    Program TokenkegQfeZyiNwAJbNbGKPFXCWuBvf9Ss623VQ5DA success
    Program 6G9X8RArxw6f6n41wRKZMsgzRtHuUgPSkYipyjQu8NXD consumed 19169 of 200000 compute units
    Program 6G9X8RArxw6f6n41wRKZMsgzRtHuUgPSkYipyjQu8NXD success
